TN:
SF:jest.config.ts
FNF:0
FNH:0
DA:4,0
DA:33,0
LF:2
LH:0
BRF:0
BRH:0
end_of_record
TN:
SF:config/default.ts
FNF:0
FNH:0
DA:1,1
LF:1
LH:1
BRF:0
BRH:0
end_of_record
TN:
SF:config/request-limit.ts
FNF:0
FNH:0
DA:1,5
DA:4,5
DA:9,5
LF:3
LH:3
BRF:0
BRH:0
end_of_record
TN:
SF:coverage/lcov-report/block-navigation.js
FN:2,init
FN:24,toggleClass
FN:31,makeCurrent
FN:41,goToPrevious
FN:52,goToNext
FN:65,jump
FNF:6
FNH:0
FNDA:0,init
FNDA:0,toggleClass
FNDA:0,makeCurrent
FNDA:0,goToPrevious
FNDA:0,goToNext
FNDA:0,jump
DA:2,0
DA:4,0
DA:7,0
DA:10,0
DA:14,0
DA:20,0
DA:25,0
DA:28,0
DA:32,0
DA:33,0
DA:34,0
DA:42,0
DA:43,0
DA:44,0
DA:45,0
DA:46,0
DA:49,0
DA:53,0
DA:55,0
DA:59,0
DA:62,0
DA:65,0
DA:66,0
DA:71,0
DA:74,0
DA:77,0
DA:78,0
DA:82,0
DA:83,0
DA:87,0
LF:30
LH:0
BRDA:43,0,0,0
BRDA:43,0,1,0
BRDA:43,1,0,0
BRDA:43,1,1,0
BRDA:45,2,0,0
BRDA:45,2,1,0
BRDA:55,3,0,0
BRDA:55,3,1,0
BRDA:56,4,0,0
BRDA:56,4,1,0
BRDA:66,5,0,0
BRDA:66,5,1,0
BRDA:67,6,0,0
BRDA:67,6,1,0
BRDA:74,7,0,0
BRDA:74,7,1,0
BRDA:74,7,2,0
BRDA:74,7,3,0
BRDA:74,7,4,0
BRF:19
BRH:0
end_of_record
TN:
SF:coverage/lcov-report/prettify.js
FN:2,(anonymous_0)
FN:2,k
FN:2,ab
FN:2,T
FN:2,X
FN:2,(anonymous_5)
FN:2,W
FN:2,(anonymous_7)
FN:2,a
FN:2,aa
FN:2,B
FN:2,o
FN:2,g
FN:2,(anonymous_13)
FN:2,(anonymous_14)
FN:2,i
FN:2,Q
FN:2,ae
FN:2,ad
FN:2,ai
FN:2,D
FN:2,c
FN:2,q
FN:2,d
FN:2,y
FN:2,b
FN:2,Y
FN:2,(anonymous_27)
FN:2,U
FNF:29
FNH:0
FNDA:0,(anonymous_0)
FNDA:0,k
FNDA:0,ab
FNDA:0,T
FNDA:0,X
FNDA:0,(anonymous_5)
FNDA:0,W
FNDA:0,(anonymous_7)
FNDA:0,a
FNDA:0,aa
FNDA:0,B
FNDA:0,o
FNDA:0,g
FNDA:0,(anonymous_13)
FNDA:0,(anonymous_14)
FNDA:0,i
FNDA:0,Q
FNDA:0,ae
FNDA:0,ad
FNDA:0,ai
FNDA:0,D
FNDA:0,c
FNDA:0,q
FNDA:0,d
FNDA:0,y
FNDA:0,b
FNDA:0,Y
FNDA:0,(anonymous_27)
FNDA:0,U
DA:2,0
LF:1
LH:0
BRDA:2,0,0,0
BRDA:2,0,1,0
BRDA:2,1,0,0
BRDA:2,1,1,0
BRDA:2,2,0,0
BRDA:2,2,1,0
BRDA:2,3,0,0
BRDA:2,3,1,0
BRDA:2,4,0,0
BRDA:2,4,1,0
BRDA:2,5,0,0
BRDA:2,5,1,0
BRDA:2,6,0,0
BRDA:2,6,1,0
BRDA:2,7,0,0
BRDA:2,7,1,0
BRDA:2,8,0,0
BRDA:2,8,1,0
BRDA:2,9,0,0
BRDA:2,9,1,0
BRDA:2,10,0,0
BRDA:2,10,1,0
BRDA:2,11,0,0
BRDA:2,11,1,0
BRDA:2,11,2,0
BRDA:2,11,3,0
BRDA:2,12,0,0
BRDA:2,12,1,0
BRDA:2,13,0,0
BRDA:2,13,1,0
BRDA:2,14,0,0
BRDA:2,14,1,0
BRDA:2,15,0,0
BRDA:2,15,1,0
BRDA:2,16,0,0
BRDA:2,16,1,0
BRDA:2,17,0,0
BRDA:2,17,1,0
BRDA:2,18,0,0
BRDA:2,18,1,0
BRDA:2,19,0,0
BRDA:2,19,1,0
BRDA:2,20,0,0
BRDA:2,20,1,0
BRDA:2,21,0,0
BRDA:2,21,1,0
BRDA:2,22,0,0
BRDA:2,22,1,0
BRDA:2,23,0,0
BRDA:2,23,1,0
BRDA:2,24,0,0
BRDA:2,24,1,0
BRDA:2,25,0,0
BRDA:2,25,1,0
BRDA:2,26,0,0
BRDA:2,26,1,0
BRDA:2,27,0,0
BRDA:2,27,1,0
BRDA:2,28,0,0
BRDA:2,28,1,0
BRDA:2,29,0,0
BRDA:2,29,1,0
BRDA:2,30,0,0
BRDA:2,30,1,0
BRDA:2,31,0,0
BRDA:2,31,1,0
BRDA:2,32,0,0
BRDA:2,32,1,0
BRDA:2,33,0,0
BRDA:2,33,1,0
BRDA:2,34,0,0
BRDA:2,34,1,0
BRDA:2,35,0,0
BRDA:2,35,1,0
BRDA:2,36,0,0
BRDA:2,36,1,0
BRDA:2,37,0,0
BRDA:2,37,1,0
BRDA:2,38,0,0
BRDA:2,38,1,0
BRDA:2,39,0,0
BRDA:2,39,1,0
BRDA:2,40,0,0
BRDA:2,40,1,0
BRDA:2,41,0,0
BRDA:2,41,1,0
BRDA:2,42,0,0
BRDA:2,42,1,0
BRDA:2,43,0,0
BRDA:2,43,1,0
BRDA:2,44,0,0
BRDA:2,44,1,0
BRDA:2,45,0,0
BRDA:2,45,1,0
BRDA:2,46,0,0
BRDA:2,46,1,0
BRDA:2,47,0,0
BRDA:2,47,1,0
BRDA:2,48,0,0
BRDA:2,48,1,0
BRDA:2,49,0,0
BRDA:2,49,1,0
BRDA:2,50,0,0
BRDA:2,50,1,0
BRDA:2,50,2,0
BRDA:2,51,0,0
BRDA:2,51,1,0
BRDA:2,52,0,0
BRDA:2,52,1,0
BRDA:2,53,0,0
BRDA:2,53,1,0
BRDA:2,54,0,0
BRDA:2,54,1,0
BRDA:2,55,0,0
BRDA:2,55,1,0
BRDA:2,56,0,0
BRDA:2,56,1,0
BRDA:2,57,0,0
BRDA:2,57,1,0
BRDA:2,58,0,0
BRDA:2,58,1,0
BRDA:2,59,0,0
BRDA:2,59,1,0
BRDA:2,60,0,0
BRDA:2,60,1,0
BRDA:2,61,0,0
BRDA:2,61,1,0
BRDA:2,62,0,0
BRDA:2,62,1,0
BRDA:2,63,0,0
BRDA:2,63,1,0
BRDA:2,64,0,0
BRDA:2,64,1,0
BRDA:2,65,0,0
BRDA:2,65,1,0
BRDA:2,66,0,0
BRDA:2,66,1,0
BRDA:2,67,0,0
BRDA:2,67,1,0
BRDA:2,68,0,0
BRDA:2,68,1,0
BRDA:2,69,0,0
BRDA:2,69,1,0
BRDA:2,70,0,0
BRDA:2,70,1,0
BRDA:2,71,0,0
BRDA:2,71,1,0
BRDA:2,72,0,0
BRDA:2,72,1,0
BRDA:2,73,0,0
BRDA:2,73,1,0
BRDA:2,74,0,0
BRDA:2,74,1,0
BRDA:2,75,0,0
BRDA:2,75,1,0
BRDA:2,76,0,0
BRDA:2,76,1,0
BRDA:2,77,0,0
BRDA:2,77,1,0
BRDA:2,78,0,0
BRDA:2,78,1,0
BRDA:2,79,0,0
BRDA:2,79,1,0
BRDA:2,80,0,0
BRDA:2,80,1,0
BRDA:2,81,0,0
BRDA:2,81,1,0
BRDA:2,82,0,0
BRDA:2,82,1,0
BRDA:2,83,0,0
BRDA:2,83,1,0
BRDA:2,84,0,0
BRDA:2,84,1,0
BRDA:2,85,0,0
BRDA:2,85,1,0
BRDA:2,86,0,0
BRDA:2,86,1,0
BRDA:2,87,0,0
BRDA:2,87,1,0
BRDA:2,88,0,0
BRDA:2,88,1,0
BRDA:2,89,0,0
BRDA:2,89,1,0
BRDA:2,89,2,0
BRDA:2,90,0,0
BRDA:2,90,1,0
BRDA:2,91,0,0
BRDA:2,91,1,0
BRDA:2,92,0,0
BRDA:2,92,1,0
BRDA:2,93,0,0
BRDA:2,93,1,0
BRDA:2,94,0,0
BRDA:2,94,1,0
BRDA:2,95,0,0
BRDA:2,95,1,0
BRDA:2,96,0,0
BRDA:2,96,1,0
BRDA:2,97,0,0
BRDA:2,97,1,0
BRDA:2,98,0,0
BRDA:2,98,1,0
BRDA:2,99,0,0
BRDA:2,99,1,0
BRDA:2,100,0,0
BRDA:2,100,1,0
BRDA:2,101,0,0
BRDA:2,101,1,0
BRDA:2,102,0,0
BRDA:2,102,1,0
BRDA:2,103,0,0
BRDA:2,103,1,0
BRDA:2,104,0,0
BRDA:2,104,1,0
BRDA:2,105,0,0
BRDA:2,105,1,0
BRDA:2,106,0,0
BRDA:2,106,1,0
BRDA:2,107,0,0
BRDA:2,107,1,0
BRDA:2,108,0,0
BRDA:2,108,1,0
BRDA:2,109,0,0
BRDA:2,109,1,0
BRDA:2,110,0,0
BRDA:2,110,1,0
BRDA:2,111,0,0
BRDA:2,111,1,0
BRDA:2,112,0,0
BRDA:2,112,1,0
BRDA:2,113,0,0
BRDA:2,113,1,0
BRDA:2,114,0,0
BRDA:2,114,1,0
BRDA:2,115,0,0
BRDA:2,115,1,0
BRDA:2,116,0,0
BRDA:2,116,1,0
BRDA:2,117,0,0
BRDA:2,117,1,0
BRDA:2,118,0,0
BRDA:2,118,1,0
BRDA:2,119,0,0
BRDA:2,119,1,0
BRDA:2,120,0,0
BRDA:2,120,1,0
BRDA:2,121,0,0
BRDA:2,121,1,0
BRDA:2,122,0,0
BRDA:2,122,1,0
BRDA:2,123,0,0
BRDA:2,123,1,0
BRDA:2,124,0,0
BRDA:2,124,1,0
BRDA:2,125,0,0
BRDA:2,125,1,0
BRDA:2,126,0,0
BRDA:2,126,1,0
BRDA:2,127,0,0
BRDA:2,127,1,0
BRDA:2,128,0,0
BRDA:2,128,1,0
BRDA:2,128,2,0
BRDA:2,129,0,0
BRDA:2,129,1,0
BRDA:2,130,0,0
BRDA:2,130,1,0
BRDA:2,131,0,0
BRDA:2,131,1,0
BRDA:2,131,2,0
BRDA:2,131,3,0
BRDA:2,131,4,0
BRDA:2,132,0,0
BRDA:2,132,1,0
BRDA:2,133,0,0
BRDA:2,133,1,0
BRDA:2,134,0,0
BRDA:2,134,1,0
BRDA:2,135,0,0
BRDA:2,135,1,0
BRDA:2,136,0,0
BRDA:2,136,1,0
BRDA:2,137,0,0
BRDA:2,137,1,0
BRDA:2,138,0,0
BRDA:2,138,1,0
BRF:286
BRH:0
end_of_record
TN:
SF:coverage/lcov-report/sorter.js
FN:2,(anonymous_0)
FN:11,getTable
FN:15,getTableHeader
FN:19,getTableBody
FN:23,getNthColumn
FN:27,onFilterInput
FN:45,addSearchBox
FN:53,loadColumns
FN:78,loadRowData
FN:97,loadData
FN:106,sortByIndex
FN:108,(anonymous_11)
FN:120,(anonymous_12)
FN:137,removeSortIndicators
FN:145,addSortIndicators
FN:151,enableUI
FN:154,ithSorter
FN:157,(anonymous_17)
FN:184,(anonymous_18)
FNF:19
FNH:0
FNDA:0,(anonymous_0)
FNDA:0,getTable
FNDA:0,getTableHeader
FNDA:0,getTableBody
FNDA:0,getNthColumn
FNDA:0,onFilterInput
FNDA:0,addSearchBox
FNDA:0,loadColumns
FNDA:0,loadRowData
FNDA:0,loadData
FNDA:0,sortByIndex
FNDA:0,(anonymous_11)
FNDA:0,(anonymous_12)
FNDA:0,removeSortIndicators
FNDA:0,addSortIndicators
FNDA:0,enableUI
FNDA:0,ithSorter
FNDA:0,(anonymous_17)
FNDA:0,(anonymous_18)
DA:2,0
DA:5,0
DA:12,0
DA:16,0
DA:20,0
DA:24,0
DA:28,0
DA:29,0
DA:30,0
DA:31,0
DA:32,0
DA:37,0
DA:39,0
DA:46,0
DA:47,0
DA:48,0
DA:49,0
DA:54,0
DA:56,0
DA:60,0
DA:61,0
DA:62,0
DA:67,0
DA:68,0
DA:69,0
DA:70,0
DA:74,0
DA:79,0
DA:82,0
DA:85,0
DA:86,0
DA:87,0
DA:88,0
DA:89,0
DA:90,0
DA:92,0
DA:94,0
DA:98,0
DA:101,0
DA:102,0
DA:107,0
DA:108,0
DA:109,0
DA:110,0
DA:111,0
DA:113,0
DA:114,0
DA:115,0
DA:116,0
DA:119,0
DA:120,0
DA:121,0
DA:125,0
DA:126,0
DA:127,0
DA:130,0
DA:132,0
DA:133,0
DA:138,0
DA:139,0
DA:141,0
DA:142,0
DA:146,0
DA:154,0
DA:155,0
DA:157,0
DA:158,0
DA:160,0
DA:161,0
DA:163,0
DA:164,0
DA:165,0
DA:166,0
DA:167,0
DA:170,0
DA:171,0
DA:174,0
DA:175,0
DA:176,0
DA:178,0
DA:184,0
DA:185,0
DA:186,0
DA:188,0
DA:189,0
DA:190,0
DA:191,0
DA:192,0
DA:196,0
LF:89
LH:0
BRDA:32,0,0,0
BRDA:32,0,1,0
BRDA:65,1,0,0
BRDA:65,1,1,0
BRDA:68,2,0,0
BRDA:68,2,1,0
BRDA:89,3,0,0
BRDA:89,3,1,0
BRDA:111,4,0,0
BRDA:111,4,1,0
BRDA:111,5,0,0
BRDA:111,5,1,0
BRDA:119,6,0,0
BRDA:119,6,1,0
BRDA:146,7,0,0
BRDA:146,7,1,0
BRDA:160,8,0,0
BRDA:160,8,1,0
BRDA:171,9,0,0
BRDA:171,9,1,0
BRDA:175,10,0,0
BRDA:175,10,1,0
BRDA:185,11,0,0
BRDA:185,11,1,0
BRF:24
BRH:0
end_of_record
TN:
SF:src/app.ts
FN:66,(anonymous_1)
FN:70,(anonymous_2)
FN:87,(anonymous_3)
FN:103,(anonymous_4)
FN:106,(anonymous_5)
FNF:5
FNH:3
FNDA:0,(anonymous_1)
FNDA:0,(anonymous_2)
FNDA:4,(anonymous_3)
FNDA:4,(anonymous_4)
FNDA:20,(anonymous_5)
DA:1,4
DA:2,4
DA:3,4
DA:4,0
DA:7,4
DA:9,4
DA:11,4
DA:12,4
DA:20,4
DA:21,4
DA:23,4
DA:25,4
DA:26,4
DA:28,4
DA:29,4
DA:31,4
DA:34,4
DA:35,4
DA:36,4
DA:37,4
DA:38,4
DA:40,4
DA:42,4
DA:43,4
DA:45,4
DA:46,4
DA:47,4
DA:48,4
DA:49,4
DA:50,4
DA:51,4
DA:53,4
DA:54,4
DA:55,4
DA:56,4
DA:57,4
DA:58,4
DA:60,4
DA:62,0
DA:64,0
DA:66,0
DA:67,0
DA:70,0
DA:71,0
DA:74,0
DA:84,4
DA:87,4
DA:88,4
DA:97,4
DA:99,4
DA:103,4
DA:104,4
DA:106,4
DA:107,20
DA:113,4
LF:55
LH:47
BRDA:3,0,0,0
BRDA:60,1,0,0
BRDA:99,2,0,4
BRDA:99,2,1,0
BRF:4
BRH:1
end_of_record
TN:
SF:src/controllers/auth.controller.ts
FN:13,(anonymous_8)
FNF:1
FNH:1
FNDA:6,(anonymous_8)
DA:2,4
DA:3,4
DA:4,4
DA:6,4
DA:9,4
DA:10,4
DA:14,6
DA:15,6
DA:16,6
DA:17,6
DA:21,6
DA:22,6
DA:25,6
DA:36,0
DA:37,0
DA:42,4
LF:16
LH:14
BRF:0
BRH:0
end_of_record
TN:
SF:src/controllers/fixture.controller.ts
FN:11,(anonymous_8)
FN:49,(anonymous_10)
FN:69,(anonymous_12)
FN:89,(anonymous_14)
FN:119,(anonymous_16)
FN:149,(anonymous_18)
FN:179,(anonymous_20)
FN:214,(anonymous_22)
FNF:8
FNH:4
FNDA:0,(anonymous_8)
FNDA:0,(anonymous_10)
FNDA:1,(anonymous_12)
FNDA:1,(anonymous_14)
FNDA:2,(anonymous_16)
FNDA:1,(anonymous_18)
FNDA:0,(anonymous_20)
FNDA:0,(anonymous_22)
DA:3,4
DA:6,4
DA:7,4
DA:12,0
DA:14,0
DA:15,0
DA:30,0
DA:32,0
DA:40,0
DA:50,0
DA:51,0
DA:53,0
DA:61,0
DA:70,1
DA:71,1
DA:73,1
DA:81,0
DA:90,1
DA:91,1
DA:93,1
DA:94,0
DA:104,1
DA:111,0
DA:120,2
DA:121,2
DA:123,2
DA:124,0
DA:134,2
DA:141,0
DA:150,1
DA:152,1
DA:154,1
DA:155,1
DA:157,1
DA:165,0
DA:172,0
DA:180,0
DA:182,0
DA:183,0
DA:198,0
DA:200,0
DA:206,0
DA:216,0
DA:217,0
DA:219,0
DA:225,0
DA:234,4
LF:47
LH:20
BRDA:93,0,0,0
BRDA:93,0,1,1
BRDA:93,1,0,1
BRDA:93,1,1,1
BRDA:123,2,0,0
BRDA:123,2,1,2
BRDA:123,3,0,2
BRDA:123,3,1,2
BRDA:152,4,0,1
BRDA:152,4,1,0
BRDA:152,5,0,1
BRDA:152,5,1,0
BRDA:152,5,2,0
BRDA:152,5,3,0
BRF:14
BRH:8
end_of_record
TN:
SF:src/controllers/team.controller.ts
FN:9,(anonymous_8)
FN:30,(anonymous_10)
FN:50,(anonymous_12)
FN:70,(anonymous_14)
FN:99,(anonymous_16)
FN:118,(anonymous_18)
FNF:6
FNH:5
FNDA:2,(anonymous_8)
FNDA:1,(anonymous_10)
FNDA:1,(anonymous_12)
FNDA:1,(anonymous_14)
FNDA:0,(anonymous_16)
FNDA:1,(anonymous_18)
DA:3,4
DA:5,4
DA:6,4
DA:11,2
DA:12,2
DA:14,1
DA:22,1
DA:31,1
DA:32,1
DA:34,1
DA:42,0
DA:51,1
DA:52,1
DA:54,1
DA:62,0
DA:71,1
DA:73,1
DA:74,1
DA:75,1
DA:77,1
DA:85,0
DA:91,0
DA:101,0
DA:102,0
DA:104,0
DA:110,0
DA:120,1
DA:121,1
DA:123,1
DA:129,0
DA:138,4
LF:31
LH:22
BRDA:73,0,0,1
BRDA:73,0,1,0
BRDA:73,1,0,1
BRDA:73,1,1,0
BRDA:73,1,2,0
BRF:5
BRH:2
end_of_record
TN:
SF:src/controllers/user.controller.ts
FN:10,(anonymous_8)
FN:32,(anonymous_10)
FN:51,(anonymous_12)
FN:72,(anonymous_14)
FN:94,(anonymous_16)
FN:111,(anonymous_18)
FNF:6
FNH:4
FNDA:1,(anonymous_8)
FNDA:1,(anonymous_10)
FNDA:1,(anonymous_12)
FNDA:0,(anonymous_14)
FNDA:0,(anonymous_16)
FNDA:1,(anonymous_18)
DA:2,4
DA:4,4
DA:6,4
DA:7,4
DA:11,1
DA:12,1
DA:14,1
DA:16,1
DA:25,0
DA:33,1
DA:34,1
DA:35,1
DA:44,0
DA:52,1
DA:53,1
DA:55,1
DA:64,0
DA:74,0
DA:75,0
DA:76,0
DA:79,0
DA:81,0
DA:87,0
DA:95,0
DA:96,0
DA:97,0
DA:99,0
DA:104,0
DA:112,1
DA:113,1
DA:115,1
DA:121,0
DA:129,4
LF:33
LH:18
BRDA:75,0,0,0
BRF:1
BRH:0
end_of_record
TN:
SF:src/daos/fixture.dao.ts
FN:5,(anonymous_8)
FN:8,(anonymous_9)
FN:25,(anonymous_11)
FN:40,(anonymous_13)
FN:47,(anonymous_15)
FN:55,(anonymous_17)
FN:63,(anonymous_19)
FN:67,(anonymous_21)
FN:86,(anonymous_23)
FN:90,(anonymous_25)
FNF:10
FNH:7
FNDA:4,(anonymous_8)
FNDA:0,(anonymous_9)
FNDA:1,(anonymous_11)
FNDA:1,(anonymous_13)
FNDA:1,(anonymous_15)
FNDA:2,(anonymous_17)
FNDA:1,(anonymous_19)
FNDA:1,(anonymous_21)
FNDA:0,(anonymous_23)
FNDA:0,(anonymous_25)
DA:1,4
DA:3,4
DA:6,4
DA:9,0
DA:11,0
DA:13,0
DA:20,0
DA:26,1
DA:28,1
DA:41,1
DA:48,1
DA:56,2
DA:64,1
DA:68,1
DA:69,1
DA:71,1
DA:72,1
DA:87,0
DA:94,0
DA:100,0
DA:104,4
LF:21
LH:14
BRDA:40,0,0,1
BRDA:40,1,0,1
BRDA:47,2,0,1
BRDA:47,3,0,1
BRDA:55,4,0,2
BRDA:55,5,0,2
BRF:6
BRH:6
end_of_record
TN:
SF:src/daos/team.dao.ts
FN:6,(anonymous_8)
FN:9,(anonymous_9)
FN:20,(anonymous_11)
FN:24,(anonymous_13)
FN:31,(anonymous_15)
FN:35,(anonymous_17)
FN:49,(anonymous_19)
FN:53,(anonymous_21)
FNF:8
FNH:7
FNDA:4,(anonymous_8)
FNDA:2,(anonymous_9)
FNDA:6,(anonymous_11)
FNDA:1,(anonymous_13)
FNDA:5,(anonymous_15)
FNDA:1,(anonymous_17)
FNDA:1,(anonymous_19)
FNDA:0,(anonymous_21)
DA:1,4
DA:3,4
DA:6,4
DA:7,4
DA:10,2
DA:12,2
DA:16,2
DA:17,1
DA:21,6
DA:25,1
DA:32,5
DA:36,1
DA:38,1
DA:50,1
DA:57,0
DA:63,0
DA:67,4
LF:17
LH:15
BRDA:24,0,0,1
BRDA:24,1,0,1
BRF:2
BRH:2
end_of_record
TN:
SF:src/daos/user.dao.ts
FN:6,(anonymous_8)
FN:9,(anonymous_9)
FN:21,(anonymous_11)
FN:25,(anonymous_13)
FN:31,(anonymous_15)
FN:35,(anonymous_17)
FN:42,(anonymous_19)
FN:46,(anonymous_21)
FNF:8
FNH:7
FNDA:4,(anonymous_8)
FNDA:1,(anonymous_9)
FNDA:2,(anonymous_11)
FNDA:8,(anonymous_13)
FNDA:6,(anonymous_15)
FNDA:1,(anonymous_17)
FNDA:1,(anonymous_19)
FNDA:0,(anonymous_21)
DA:1,4
DA:3,4
DA:6,4
DA:7,4
DA:10,1
DA:12,1
DA:17,1
DA:18,1
DA:22,2
DA:26,8
DA:32,6
DA:36,1
DA:43,1
DA:50,0
DA:56,0
DA:61,4
LF:16
LH:14
BRDA:35,0,0,1
BRDA:35,1,0,1
BRF:2
BRH:2
end_of_record
TN:
SF:src/enums/permissionflag.enum.ts
FN:1,(anonymous_0)
FNF:1
FNH:1
FNDA:4,(anonymous_0)
DA:1,4
DA:2,4
DA:3,4
DA:4,4
LF:4
LH:4
BRDA:1,0,0,4
BRDA:1,0,1,4
BRF:2
BRH:2
end_of_record
TN:
SF:src/middlewares/auth.middleware.ts
FN:9,(anonymous_14)
FNF:1
FNH:1
FNDA:8,(anonymous_14)
DA:2,4
DA:3,4
DA:5,4
DA:6,4
DA:11,8
DA:15,8
DA:16,7
DA:18,7
DA:19,6
DA:24,6
DA:29,2
DA:36,4
LF:12
LH:12
BRDA:15,0,0,7
BRDA:18,1,0,6
BRF:2
BRH:2
end_of_record
TN:
SF:src/middlewares/common.middleware.ts
FN:11,(anonymous_8)
FN:12,(anonymous_9)
FN:14,(anonymous_10)
FN:75,(anonymous_11)
FN:79,(anonymous_12)
FN:83,(anonymous_13)
FN:18,(anonymous_14)
FN:31,(anonymous_15)
FN:32,(anonymous_16)
FN:55,(anonymous_17)
FNF:10
FNH:5
FNDA:4,(anonymous_8)
FNDA:0,(anonymous_9)
FNDA:0,(anonymous_10)
FNDA:2,(anonymous_11)
FNDA:0,(anonymous_12)
FNDA:0,(anonymous_13)
FNDA:16,(anonymous_14)
FNDA:32,(anonymous_15)
FNDA:12,(anonymous_16)
FNDA:0,(anonymous_17)
DA:2,4
DA:3,4
DA:5,4
DA:6,4
DA:8,4
DA:9,4
DA:12,4
DA:14,4
DA:15,0
DA:19,16
DA:20,16
DA:21,2
DA:28,14
DA:32,32
DA:33,12
DA:34,12
DA:37,12
DA:38,8
DA:40,4
DA:50,0
DA:56,0
DA:57,0
DA:58,0
DA:60,0
DA:61,0
DA:63,0
DA:75,4
DA:76,2
DA:79,4
DA:80,0
DA:83,4
DA:84,0
DA:88,4
LF:33
LH:23
BRDA:20,0,0,2
BRDA:37,1,0,8
BRDA:37,1,1,4
BRDA:57,2,0,0
BRDA:57,2,1,0
BRDA:57,3,0,0
BRDA:57,3,1,0
BRDA:57,3,2,0
BRDA:60,4,0,0
BRDA:60,4,1,0
BRF:10
BRH:3
end_of_record
TN:
SF:src/middlewares/error-handler.middleware.ts
FN:13,handleError
FNF:1
FNH:0
FNDA:0,handleError
DA:2,4
DA:19,0
DA:21,0
DA:22,0
DA:31,0
DA:34,4
LF:6
LH:2
BRDA:21,0,0,0
BRF:1
BRH:0
end_of_record
TN:
SF:src/middlewares/fixture.middleware.ts
FN:10,(anonymous_8)
FN:18,(anonymous_10)
FN:31,(anonymous_11)
FNF:3
FNH:3
FNDA:1,(anonymous_8)
FNDA:1,(anonymous_10)
FNDA:1,(anonymous_11)
DA:3,4
DA:5,4
DA:6,4
DA:15,1
DA:17,1
DA:18,1
DA:21,1
DA:22,1
DA:27,0
DA:32,1
DA:34,1
DA:35,0
DA:36,0
DA:38,1
DA:46,4
LF:15
LH:12
BRDA:21,0,0,1
BRDA:21,0,1,0
BRDA:34,1,0,0
BRDA:34,1,1,1
BRF:4
BRH:2
end_of_record
TN:
SF:src/middlewares/jwt.middleware.ts
FN:11,(anonymous_8)
FN:28,(anonymous_9)
FN:58,(anonymous_11)
FNF:3
FNH:1
FNDA:0,(anonymous_8)
FNDA:0,(anonymous_9)
FNDA:36,(anonymous_11)
DA:2,4
DA:3,4
DA:5,4
DA:8,4
DA:16,0
DA:17,0
DA:19,0
DA:33,0
DA:36,0
DA:39,0
DA:43,0
DA:44,0
DA:49,0
DA:51,0
DA:63,36
DA:64,27
DA:65,27
DA:66,27
DA:67,6
DA:76,21
DA:80,21
DA:83,0
DA:93,9
DA:105,4
LF:24
LH:13
BRDA:16,0,0,0
BRDA:16,0,1,0
BRDA:16,1,0,0
BRDA:16,1,1,0
BRDA:43,2,0,0
BRDA:43,2,1,0
BRDA:63,3,0,27
BRDA:63,3,1,9
BRDA:66,4,0,6
BRDA:66,4,1,21
BRF:10
BRH:4
end_of_record
TN:
SF:src/middlewares/team.middleware.ts
FN:7,(anonymous_8)
FN:18,(anonymous_9)
FN:31,(anonymous_11)
FN:49,(anonymous_13)
FN:65,(anonymous_15)
FNF:5
FNH:5
FNDA:4,(anonymous_8)
FNDA:2,(anonymous_9)
FNDA:4,(anonymous_11)
FNDA:2,(anonymous_13)
FNDA:2,(anonymous_15)
DA:3,4
DA:4,4
DA:5,4
DA:7,4
DA:8,4
DA:9,4
DA:10,6
DA:13,4
DA:19,2
DA:21,2
DA:22,0
DA:27,2
DA:36,4
DA:38,4
DA:39,2
DA:40,2
DA:42,2
DA:50,2
DA:52,2
DA:53,2
DA:55,2
DA:56,1
DA:58,1
DA:66,2
DA:68,2
DA:69,0
DA:74,2
DA:79,4
LF:28
LH:26
BRDA:21,0,0,0
BRDA:21,0,1,2
BRDA:38,1,0,2
BRDA:38,1,1,2
BRDA:55,2,0,1
BRDA:55,2,1,1
BRDA:55,3,0,2
BRDA:55,3,1,2
BRDA:68,4,0,0
BRDA:68,4,1,2
BRF:10
BRH:8
end_of_record
TN:
SF:src/middlewares/user.middleware.ts
FN:9,(anonymous_8)
FN:76,(anonymous_9)
FN:76,(anonymous_10)
FN:11,(anonymous_11)
FN:22,(anonymous_13)
FN:35,(anonymous_15)
FN:47,(anonymous_17)
FN:58,(anonymous_19)
FN:71,(anonymous_21)
FN:86,(anonymous_23)
FNF:10
FNH:3
FNDA:4,(anonymous_8)
FNDA:0,(anonymous_9)
FNDA:0,(anonymous_10)
FNDA:0,(anonymous_11)
FNDA:0,(anonymous_13)
FNDA:2,(anonymous_15)
FNDA:0,(anonymous_17)
FNDA:5,(anonymous_19)
FNDA:0,(anonymous_21)
FNDA:0,(anonymous_23)
DA:4,4
DA:6,4
DA:7,4
DA:12,0
DA:13,0
DA:15,0
DA:24,0
DA:25,0
DA:27,0
DA:36,2
DA:37,2
DA:38,1
DA:43,1
DA:48,0
DA:49,0
DA:51,0
DA:59,5
DA:60,5
DA:61,3
DA:62,3
DA:64,2
DA:72,0
DA:73,0
DA:76,4
DA:77,0
DA:78,0
DA:80,0
DA:82,0
DA:87,0
DA:88,0
DA:92,0
DA:97,4
LF:32
LH:14
BRDA:77,0,0,0
BRDA:77,0,1,0
BRDA:12,1,0,0
BRDA:12,1,1,0
BRDA:12,2,0,0
BRDA:12,2,1,0
BRDA:12,2,2,0
BRDA:24,3,0,0
BRDA:24,3,1,0
BRDA:24,4,0,0
BRDA:24,4,1,0
BRDA:37,5,0,1
BRDA:37,5,1,1
BRDA:48,6,0,0
BRDA:48,6,1,0
BRDA:60,7,0,3
BRDA:60,7,1,2
BRDA:87,8,0,0
BRDA:87,8,1,0
BRDA:87,9,0,0
BRDA:87,9,1,0
BRF:21
BRH:4
end_of_record
TN:
SF:src/models/fixture.model.ts
FNF:0
FNH:0
DA:1,4
DA:2,4
DA:4,4
DA:6,4
DA:24,4
DA:52,4
DA:54,4
LF:7
LH:7
BRF:0
BRH:0
end_of_record
TN:
SF:src/models/team.model.ts
FNF:0
FNH:0
DA:1,4
DA:2,4
DA:4,4
DA:6,4
DA:8,4
DA:41,4
DA:43,4
DA:45,4
LF:8
LH:8
BRF:0
BRH:0
end_of_record
TN:
SF:src/models/user.model.ts
FNF:0
FNH:0
DA:1,4
DA:2,4
DA:3,4
DA:4,4
DA:6,4
DA:8,4
DA:19,4
DA:20,4
DA:22,4
DA:24,4
LF:10
LH:10
BRF:0
BRH:0
end_of_record
TN:
SF:src/routes/auth.routes.ts
FN:14,(anonymous_1)
FN:18,(anonymous_2)
FNF:2
FNH:2
FNDA:4,(anonymous_1)
FNDA:4,(anonymous_2)
DA:1,4
DA:2,4
DA:4,4
DA:5,4
DA:6,4
DA:7,4
DA:8,4
DA:10,4
DA:11,4
DA:13,4
DA:15,4
DA:19,4
DA:27,4
DA:34,4
DA:35,4
DA:36,4
LF:16
LH:16
BRF:0
BRH:0
end_of_record
TN:
SF:src/routes/common.routes.ts
FN:8,(anonymous_0)
FN:15,(anonymous_1)
FN:18,(anonymous_2)
FNF:3
FNH:3
FNDA:20,(anonymous_0)
FNDA:20,(anonymous_1)
FNDA:16,(anonymous_2)
DA:2,4
DA:9,20
DA:10,20
DA:11,20
DA:12,20
DA:13,20
DA:16,20
DA:19,16
LF:8
LH:8
BRF:0
BRH:0
end_of_record
TN:
SF:src/routes/fixture.routes.ts
FN:17,(anonymous_1)
FN:21,(anonymous_2)
FNF:2
FNH:2
FNDA:4,(anonymous_1)
FNDA:4,(anonymous_2)
DA:1,4
DA:2,4
DA:4,4
DA:6,4
DA:8,4
DA:9,4
DA:10,4
DA:11,4
DA:13,4
DA:16,4
DA:18,4
DA:22,4
DA:25,4
DA:44,4
DA:52,4
DA:60,4
DA:68,4
DA:75,4
DA:102,4
DA:103,4
LF:20
LH:20
BRF:0
BRH:0
end_of_record
TN:
SF:src/routes/index.routes.ts
FN:5,(anonymous_1)
FN:9,(anonymous_2)
FN:12,(anonymous_3)
FN:17,(anonymous_4)
FNF:4
FNH:2
FNDA:4,(anonymous_1)
FNDA:4,(anonymous_2)
FNDA:0,(anonymous_3)
FNDA:0,(anonymous_4)
DA:1,4
DA:2,4
DA:4,4
DA:6,4
DA:11,4
DA:13,0
DA:17,4
DA:18,0
DA:22,4
DA:23,4
DA:25,4
LF:11
LH:9
BRF:0
BRH:0
end_of_record
TN:
SF:src/routes/team.routes.ts
FN:15,(anonymous_1)
FN:19,(anonymous_2)
FNF:2
FNH:2
FNDA:4,(anonymous_1)
FNDA:4,(anonymous_2)
DA:1,4
DA:2,4
DA:4,4
DA:6,4
DA:8,4
DA:9,4
DA:10,4
DA:12,4
DA:14,4
DA:16,4
DA:20,4
DA:23,4
DA:38,4
DA:46,4
DA:53,4
DA:78,4
DA:79,4
LF:17
LH:17
BRF:0
BRH:0
end_of_record
TN:
SF:src/routes/user.routes.ts
FN:20,(anonymous_1)
FN:24,(anonymous_2)
FNF:2
FNH:2
FNDA:4,(anonymous_1)
FNDA:4,(anonymous_2)
DA:1,4
DA:2,4
DA:4,4
DA:6,4
DA:7,4
DA:8,4
DA:10,4
DA:11,4
DA:13,4
DA:14,4
DA:19,4
DA:21,4
DA:27,4
DA:38,4
DA:50,4
DA:52,4
DA:66,4
DA:73,4
DA:80,4
DA:81,4
DA:82,4
LF:21
LH:21
BRF:0
BRH:0
end_of_record
TN:
SF:src/services/fixture.service.ts
FN:9,(anonymous_8)
FN:13,(anonymous_10)
FN:17,(anonymous_12)
FN:21,(anonymous_14)
FN:25,(anonymous_16)
FN:29,(anonymous_18)
FN:33,(anonymous_20)
FN:37,(anonymous_22)
FN:41,(anonymous_24)
FNF:9
FNH:6
FNDA:0,(anonymous_8)
FNDA:1,(anonymous_10)
FNDA:1,(anonymous_12)
FNDA:0,(anonymous_14)
FNDA:0,(anonymous_16)
FNDA:1,(anonymous_18)
FNDA:1,(anonymous_20)
FNDA:2,(anonymous_22)
FNDA:1,(anonymous_24)
DA:2,4
DA:5,4
DA:6,4
DA:10,0
DA:14,1
DA:18,1
DA:22,0
DA:26,0
DA:30,1
DA:34,1
DA:38,2
DA:42,1
DA:46,4
LF:13
LH:10
BRF:0
BRH:0
end_of_record
TN:
SF:src/services/mongoose.service.ts
FN:16,(anonymous_8)
FN:25,(anonymous_9)
FN:44,(anonymous_10)
FN:44,(anonymous_11)
FN:62,(anonymous_12)
FN:65,(anonymous_13)
FN:20,(anonymous_14)
FNF:7
FNH:5
FNDA:4,(anonymous_8)
FNDA:0,(anonymous_9)
FNDA:4,(anonymous_10)
FNDA:4,(anonymous_11)
FNDA:4,(anonymous_12)
FNDA:0,(anonymous_13)
FNDA:24,(anonymous_14)
DA:1,4
DA:2,4
DA:5,4
DA:8,4
DA:9,4
DA:17,4
DA:21,24
DA:25,4
DA:26,0
DA:29,0
DA:30,0
DA:32,0
DA:35,0
DA:36,0
DA:44,4
DA:46,4
DA:51,4
DA:53,4
DA:54,0
DA:56,4
DA:60,4
DA:63,4
DA:66,0
DA:67,0
DA:72,0
DA:73,0
DA:79,4
LF:27
LH:16
BRDA:29,0,0,0
BRDA:29,0,1,0
BRDA:53,1,0,0
BRDA:53,1,1,4
BRDA:72,2,0,0
BRF:5
BRH:1
end_of_record
TN:
SF:src/services/team.service.ts
FN:9,(anonymous_8)
FN:13,(anonymous_10)
FN:17,(anonymous_12)
FN:21,(anonymous_14)
FN:25,(anonymous_16)
FN:29,(anonymous_18)
FN:33,(anonymous_20)
FNF:7
FNH:6
FNDA:2,(anonymous_8)
FNDA:6,(anonymous_10)
FNDA:5,(anonymous_12)
FNDA:0,(anonymous_14)
FNDA:1,(anonymous_16)
FNDA:1,(anonymous_18)
FNDA:1,(anonymous_20)
DA:2,4
DA:5,4
DA:6,4
DA:10,2
DA:14,6
DA:18,5
DA:22,0
DA:26,1
DA:30,1
DA:34,1
DA:38,4
LF:11
LH:10
BRF:0
BRH:0
end_of_record
TN:
SF:src/services/user.service.ts
FN:9,(anonymous_8)
FN:13,(anonymous_10)
FN:17,(anonymous_12)
FN:21,(anonymous_14)
FN:25,(anonymous_16)
FN:29,(anonymous_18)
FN:33,(anonymous_20)
FN:37,(anonymous_22)
FN:41,(anonymous_24)
FN:45,(anonymous_26)
FN:49,(anonymous_28)
FNF:11
FNH:6
FNDA:1,(anonymous_8)
FNDA:0,(anonymous_10)
FNDA:6,(anonymous_12)
FNDA:1,(anonymous_14)
FNDA:2,(anonymous_16)
FNDA:8,(anonymous_18)
FNDA:0,(anonymous_20)
FNDA:0,(anonymous_22)
FNDA:0,(anonymous_24)
FNDA:0,(anonymous_26)
FNDA:1,(anonymous_28)
DA:1,4
DA:5,4
DA:6,4
DA:10,1
DA:14,0
DA:18,6
DA:22,1
DA:26,2
DA:30,8
DA:34,0
DA:38,0
DA:42,0
DA:46,0
DA:50,1
DA:54,4
LF:15
LH:10
BRF:0
BRH:0
end_of_record
TN:
SF:src/utils/customError.ts
FN:6,(anonymous_0)
FNF:1
FNH:0
FNDA:0,(anonymous_0)
DA:1,4
DA:7,0
DA:8,0
DA:9,0
LF:4
LH:1
BRDA:6,0,0,0
BRDA:6,1,0,0
BRF:2
BRH:0
end_of_record
TN:
SF:src/utils/logger.ts
FN:9,(anonymous_1)
FNF:1
FNH:1
FNDA:28,(anonymous_1)
DA:1,4
DA:2,4
DA:4,4
DA:9,28
DA:12,4
LF:5
LH:5
BRF:0
BRH:0
end_of_record
